This is XeTeX, Version 3.14159265-2.6-0.999991 (TeX Live 2019/Arch Linux) (preloaded format=xelatex 2020.2.28)  9 MAR 2020 15:54
entering extended mode
 restricted \write18 enabled.
 %&-line parsing enabled.
**main.tex
(./main.tex
LaTeX2e <2019-10-01> patch level 1
(./FITthesis.cls
Document Class: FITthesis 2019/12/23 CTU FIT standard class for theses
(/usr/share/texmf-dist/tex/latex/memoir/memoir.cls
Document Class: memoir 2018/12/12 v3.7h configurable book, report, article docu
ment class
\onelineskip=\skip41
\lxvchars=\skip42
\xlvchars=\skip43
\@memcnta=\count80
\c@@memmarkcntra=\count81
(/usr/share/texmf-dist/tex/generic/oberdiek/ifpdf.sty
Package: ifpdf 2018/09/07 v3.3 Provides the ifpdf switch
)
(/usr/share/texmf-dist/tex/latex/ifetex/ifetex.sty
Package: ifetex 2018/03/31 v1.2a ifetex

(/usr/share/texmf-dist/tex/plain/ifetex/ifetex.tex))
(/usr/share/texmf-dist/tex/generic/ifxetex/ifxetex.sty
Package: ifxetex 2010/09/12 v0.6 Provides ifxetex conditional
)
(/usr/share/texmf-dist/tex/generic/oberdiek/ifluatex.sty
Package: ifluatex 2016/05/16 v1.4 Provides the ifluatex switch (HO)
Package ifluatex Info: LuaTeX not detected.
)
\stockheight=\skip44
\stockwidth=\skip45
\trimtop=\skip46
\trimedge=\skip47

(/usr/share/texmf-dist/tex/latex/memoir/mem11.clo
File: mem11.clo 2008/01/30 v0.3 memoir class 11pt size option
)
\binding=\skip48
\spinemargin=\skip49
\foremargin=\skip50
\uppermargin=\skip51
\lowermargin=\skip52
\headdrop=\skip53
\normalrulethickness=\skip54
\mem@maxheadheight=\skip55
\mem@maxfootheight=\skip56
\headwidth=\skip57
\c@storedpagenumber=\count82
\memPD=\dimen102
\m@mabparskip=\skip58
\thanksmarkwidth=\skip59
\thanksmarksep=\skip60
\droptitle=\skip61
\c@book=\count83
\c@part=\count84
\c@chapter=\count85
\c@section=\count86
\c@subsection=\count87
\c@subsubsection=\count88
\c@paragraph=\count89
\c@subparagraph=\count90
\beforechapskip=\skip62
\midchapskip=\skip63
\afterchapskip=\skip64
\chapindent=\skip65
\bottomsectionskip=\skip66
\secindent=\skip67
\beforesecskip=\skip68
\aftersecskip=\skip69
\subsecindent=\skip70
\beforesubsecskip=\skip71
\aftersubsecskip=\skip72
\subsubsecindent=\skip73
\beforesubsubsecskip=\skip74
\aftersubsubsecskip=\skip75
\paraindent=\skip76
\beforeparaskip=\skip77
\afterparaskip=\skip78
\subparaindent=\skip79
\beforesubparaskip=\skip80
\aftersubparaskip=\skip81
\pfbreakskip=\skip82
\c@@ppsavesec=\count91
\c@@ppsaveapp=\count92
\ragrparindent=\dimen103
\everylistparindent=\dimen104
\parsepi=\skip83
\topsepi=\skip84
\itemsepi=\skip85
\parsepii=\skip86
\topsepii=\skip87
\topsepiii=\skip88
\itemsepii=\skip89
\itemsepiii=\skip90
\partopsepii=\skip91
\partopsepiii=\skip92
\m@msavetopsep=\skip93
\m@msavepartopsep=\skip94
\@enLab=\toks14
\abstitleskip=\skip95
\absleftindent=\skip96
\abs@leftindent=\dimen105
\absrightindent=\skip97
\absparindent=\skip98
\absparsep=\skip99
\c@vslineno=\count93
\c@poemline=\count94
\c@modulo@vs=\count95
\c@memfvsline=\count96
\vleftskip=\skip100
\vrightskip=\skip101
\stanzaskip=\skip102
\versewidth=\skip103
\vgap=\skip104
\vindent=\skip105
\vleftmargin=\dimen106
\c@verse=\count97
\c@chrsinstr=\count98
\beforepoemtitleskip=\skip106
\afterpoemtitleskip=\skip107
\c@poem=\count99
\beforePoemTitleskip=\skip108
\midPoemTitleskip=\skip109
\afterPoemTitleskip=\skip110

(/usr/share/texmf-dist/tex/latex/tools/array.sty
Package: array 2019/08/31 v2.4l Tabular extension package (FMi)
\col@sep=\dimen107
\ar@mcellbox=\box27
\extrarowheight=\dimen108
\NC@list=\toks15
\extratabsurround=\skip111
\backup@length=\skip112
\ar@cellbox=\box28
)
(/usr/share/texmf-dist/tex/latex/tools/dcolumn.sty
Package: dcolumn 2014/10/28 v1.06 decimal alignment package (DPC)
)
(/usr/share/texmf-dist/tex/latex/tools/delarray.sty
Package: delarray 2014/10/28 v1.01 array delimiter package (DPC)
)
(/usr/share/texmf-dist/tex/latex/tools/tabularx.sty
Package: tabularx 2016/02/03 v2.11b `tabularx' package (DPC)
\TX@col@width=\dimen109
\TX@old@table=\dimen110
\TX@old@col=\dimen111
\TX@target=\dimen112
\TX@delta=\dimen113
\TX@cols=\count100
\TX@ftn=\toks16
)
\heavyrulewidth=\dimen114
\lightrulewidth=\dimen115
\cmidrulewidth=\dimen116
\belowrulesep=\dimen117
\belowbottomsep=\dimen118
\aboverulesep=\dimen119
\abovetopsep=\dimen120
\cmidrulesep=\dimen121
\cmidrulekern=\dimen122
\defaultaddspace=\dimen123
\@cmidla=\count101
\@cmidlb=\count102
\@aboverulesep=\dimen124
\@belowrulesep=\dimen125
\@thisruleclass=\count103
\@lastruleclass=\count104
\@thisrulewidth=\dimen126
\ctableftskip=\skip113
\ctabrightskip=\skip114
\abovecolumnspenalty=\count105
\@linestogo=\count106
\@cellstogo=\count107
\@cellsincolumn=\count108
\crtok=\toks17
\@mincolumnwidth=\dimen127
\c@newflo@tctr=\count109
\mem@margin@floatbox=\box29
\@contcwidth=\skip115
\@contindw=\skip116
\abovecaptionskip=\skip117
\belowcaptionskip=\skip118
\subfloattopskip=\skip119
\subfloatcapskip=\skip120
\subfloatcaptopadj=\skip121
\subfloatbottomskip=\skip122
\subfloatlabelskip=\skip123
\subfloatcapmargin=\dimen128
\c@@contsubnum=\count110
\m@mscap@capbox=\box30
\m@mscap@fbox=\box31
\sidecapsep=\dimen129
\sidecapwidth=\dimen130
\m@m@tempdima=\dimen131
\m@mscapraise=\dimen132
\sidecapraise=\dimen133
\m@mscapmainwidth=\dimen134
\m@mscaplkern=\dimen135
\beforeepigraphskip=\skip124
\afterepigraphskip=\skip125
\epigraphwidth=\skip126
\epigraphrule=\skip127
LaTeX Info: Redefining \em on input line 7592.
LaTeX Info: Redefining \emph on input line 7600.
\tocentryskip=\skip128
\tocbaseline=\skip129
\cftparskip=\skip130
\cftbeforebookskip=\skip131
\cftbookindent=\dimen136
\cftbooknumwidth=\dimen137
\cftbeforepartskip=\skip132
\cftpartindent=\skip133
\cftpartnumwidth=\skip134
\cftbeforechapterskip=\skip135
\cftchapterindent=\skip136
\cftchapternumwidth=\skip137
\cftbeforesectionskip=\skip138
\cftsectionindent=\skip139
\cftsectionnumwidth=\skip140
\cftbeforesubsectionskip=\skip141
\cftsubsectionindent=\skip142
\cftsubsectionnumwidth=\skip143
\cftbeforesubsubsectionskip=\skip144
\cftsubsubsectionindent=\skip145
\cftsubsubsectionnumwidth=\skip146
\cftbeforeparagraphskip=\skip147
\cftparagraphindent=\skip148
\cftparagraphnumwidth=\skip149
\cftbeforesubparagraphskip=\skip150
\cftsubparagraphindent=\skip151
\cftsubparagraphnumwidth=\skip152
\prechapterprecisshift=\dimen138
\c@maxsecnumdepth=\count111
\bibindent=\dimen139
\bibitemsep=\skip153
\indexcolsep=\skip154
\indexrule=\skip155
\indexmarkstyle=\toks18
\@indexbox=\insert199
\glossarycolsep=\dimen140
\glossaryrule=\dimen141
\sideparvshift=\skip156
\sideins=\insert198
\sidebartopsep=\skip157
\sidebarhsep=\skip158
\sidebarvsep=\skip159
\sidebarwidth=\skip160
\footmarkwidth=\skip161
\footmarksep=\skip162
\footparindent=\skip163
\footinsdim=\skip164
\footinsv@r=\insert197
\@mpfootinsv@r=\insert196
\m@m@k=\count112
\m@m@h=\dimen142
\m@mipn@skip=\skip165
\sidefootins=\insert195
\sidefootadjust=\skip166
\sidefootheight=\skip167
\sidefoothsep=\skip168
\sidefootvsep=\skip169
\sidefootwidth=\skip170
\m@mdownsf=\skip171
\c@sidefootnote=\count113
\sidefootmarkwidth=\skip172
\sidefootmarksep=\skip173
\sidefootparindent=\skip174
\c@pagenote=\count114
\c@pagenoteshadow=\count115
\mem@pn@lastkern=\skip175
\every@verbatim=\toks19
\afterevery@verbatim=\toks20
\verbatim@line=\toks21
\tab@position=\count116
\verbatim@in@stream=\read1
\verbatimindent=\skip176
\verbatim@out=\write3
\bvboxsep=\skip177
\c@memfbvline=\count117
\c@bvlinectr=\count118
\bvnumlength=\skip178
\fb@frw=\dimen143
\fb@frh=\dimen144
\FrameRule=\dimen145
\FrameSep=\dimen146
\c@cp@cntr=\count119
LaTeX Info: Redefining \: on input line 12114.
LaTeX Info: Redefining \! on input line 12116.
\c@ism@mctr=\count120
\c@xsm@mctr=\count121
\c@csm@mctr=\count122
\c@ksm@mctr=\count123
\c@xksm@mctr=\count124
\c@cksm@mctr=\count125
\c@msm@mctr=\count126
\c@xmsm@mctr=\count127
\c@cmsm@mctr=\count128
\c@bsm@mctr=\count129
\c@workm@mctr=\count130
\c@sheetsequence=\count131
\c@lastsheet=\count132
\c@lastpage=\count133
\c@figure=\count134
\c@lofdepth=\count135
\cftbeforefigureskip=\skip179
\cftfigureindent=\skip180
\cftfigurenumwidth=\skip181
\c@table=\count136
\c@lotdepth=\count137
\cftbeforetableskip=\skip182
\cfttableindent=\skip183
\cfttablenumwidth=\skip184
Package abstract [2008/07/23] emulated by memoir.
Package appendix [2008/07/23] emulated by memoir.
Package booktabs [2016/05/16] emulated by memoir.
Package ccaption [2008/07/23] emulated by memoir.
Package changepage [2008/07/23] emulated by memoir.
Package chngcntr [2008/07/23] emulated by memoir.
Package chngpage [2008/07/23] emulated by memoir.
Package crop emulated by memoir.
Package enumerate [2008/07/23] emulated by memoir.
Package epigraph [2008/07/23] emulated by memoir.
Package ifmtarg [2008/07/23] emulated by memoir.
Package index [2008/07/23] emulated by memoir.
Package makeidx [2008/07/23] emulated by memoir.
Package moreverb [2008/07/23] emulated by memoir.
Package mparhack [2008/07/23] emulated by memoir.
Package needspace [2008/07/23] emulated by memoir.
Package newfile [2008/07/23] emulated by memoir.
Package nextpage [2008/07/23] emulated by memoir.
Package pagenote [2008/07/23] emulated by memoir.
Package parskip [2008/07/23] emulated by memoir.
Package patchcmd [2008/07/23] emulated by memoir.
Package setspace [2008/07/23] emulated by memoir.
Package shortvrb [2008/07/23] emulated by memoir.
Package showidx [2008/07/23] emulated by memoir.
Package titleref [2008/07/23] emulated by memoir.
Package titling [2008/07/23] emulated by memoir.
Package tocbibind [2008/07/23] emulated by memoir.
Package tocloft [2008/07/23] emulated by memoir.
Package tocvsec2 [2008/07/23] emulated by memoir.
Package verbatim [2008/07/23] emulated by memoir.
Package verse [2008/07/23] emulated by memoir.
)
(/usr/share/texmf-dist/tex/generic/babel/babel.sty
Package: babel 2019/10/15 3.35 The Babel package

(/usr/share/texmf-dist/tex/generic/babel/switch.def
File: switch.def 2019/10/15 3.35 Babel switching mechanism
)
(/usr/share/texmf-dist/tex/generic/babel-english/english.ldf
Language: english 2017/06/06 v3.3r English support from the babel system

(/usr/share/texmf-dist/tex/generic/babel/babel.def
File: babel.def 2019/10/15 3.35 Babel common definitions
\babel@savecnt=\count138
\U@D=\dimen147

(/usr/share/texmf-dist/tex/generic/babel/xebabel.def
(/usr/share/texmf-dist/tex/generic/babel/txtbabel.def))
\bbl@dirlevel=\count139
)
\l@canadian = a dialect from \language\l@american 
\l@australian = a dialect from \language\l@british 
\l@newzealand = a dialect from \language\l@british 
)
(/usr/share/texmf-dist/tex/generic/babel-czech/czech.ldf
Language: czech 2008/07/06 v3.1a Czech support from the babel system
Package babel Info: Making " an active character on input line 172.
\cs@wordlen=\count140
Package babel Info: Making - an active character on input line 226.
)
(/usr/share/texmf-dist/tex/generic/babel-czech/czech.ldf
Language: czech 2008/07/06 v3.1a Czech support from the babel system
))
(/usr/share/texmf-dist/tex/latex/hyperref/hyperref.sty
Package: hyperref 2019/09/28 v7.00a Hypertext links for LaTeX

(/usr/share/texmf-dist/tex/generic/oberdiek/hobsub-hyperref.sty
Package: hobsub-hyperref 2016/05/16 v1.14 Bundle oberdiek, subset hyperref (HO)


(/usr/share/texmf-dist/tex/generic/oberdiek/hobsub-generic.sty
Package: hobsub-generic 2016/05/16 v1.14 Bundle oberdiek, subset generic (HO)
Package: hobsub 2016/05/16 v1.14 Construct package bundles (HO)
Package: infwarerr 2016/05/16 v1.4 Providing info/warning/error messages (HO)
Package: ltxcmds 2016/05/16 v1.23 LaTeX kernel commands for general use (HO)
Package hobsub Info: Skipping package `ifluatex' (already loaded).
Package: ifvtex 2016/05/16 v1.6 Detect VTeX and its facilities (HO)
Package ifvtex Info: VTeX not detected.
Package: intcalc 2016/05/16 v1.2 Expandable calculations with integers (HO)
Package hobsub Info: Skipping package `ifpdf' (already loaded).
Package: etexcmds 2016/05/16 v1.6 Avoid name clashes with e-TeX commands (HO)
Package: kvsetkeys 2016/05/16 v1.17 Key value parser (HO)
Package: kvdefinekeys 2016/05/16 v1.4 Define keys (HO)
Package: pdftexcmds 2019/07/25 v0.30 Utility functions of pdfTeX for LuaTeX (HO
)
Package pdftexcmds Info: LuaTeX not detected.
Package pdftexcmds Info: pdfTeX >= 1.30 not detected.
Package pdftexcmds Info: \pdf@primitive is available.
Package pdftexcmds Info: \pdf@ifprimitive is available.
Package pdftexcmds Info: \pdfdraftmode not found.
Package: pdfescape 2016/05/16 v1.14 Implements pdfTeX's escape features (HO)
Package: bigintcalc 2016/05/16 v1.4 Expandable calculations on big integers (HO
)
Package: bitset 2016/05/16 v1.2 Handle bit-vector datatype (HO)
Package: uniquecounter 2016/05/16 v1.3 Provide unlimited unique counter (HO)
)
Package hobsub Info: Skipping package `hobsub' (already loaded).
Package: letltxmacro 2016/05/16 v1.5 Let assignment for LaTeX macros (HO)
Package: hopatch 2016/05/16 v1.3 Wrapper for package hooks (HO)
Package: xcolor-patch 2016/05/16 xcolor patch
Package: atveryend 2016/05/16 v1.9 Hooks at the very end of document (HO)
Package atveryend Info: \enddocument detected (standard20110627).
Package: atbegshi 2016/06/09 v1.18 At begin shipout hook (HO)
Package: refcount 2016/05/16 v3.5 Data extraction from label references (HO)
Package: hycolor 2016/05/16 v1.8 Color options for hyperref/bookmark (HO)
)
(/usr/share/texmf-dist/tex/latex/graphics/keyval.sty
Package: keyval 2014/10/28 v1.15 key=value parser (DPC)
\KV@toks@=\toks22
)
(/usr/share/texmf-dist/tex/latex/oberdiek/auxhook.sty
Package: auxhook 2016/05/16 v1.4 Hooks for auxiliary files (HO)
)
(/usr/share/texmf-dist/tex/latex/oberdiek/kvoptions.sty
Package: kvoptions 2016/05/16 v3.12 Key value format for package options (HO)
)
\@linkdim=\dimen148
\Hy@linkcounter=\count141
\Hy@pagecounter=\count142

(/usr/share/texmf-dist/tex/latex/hyperref/pd1enc.def
File: pd1enc.def 2019/09/28 v7.00a Hyperref: PDFDocEncoding definition (HO)
)
\Hy@SavedSpaceFactor=\count143

(/usr/share/texmf-dist/tex/latex/latexconfig/hyperref.cfg
File: hyperref.cfg 2002/06/06 v1.2 hyperref configuration of TeXLive
)
Package hyperref Info: Option `unicode' set `true' on input line 4414.

(/usr/share/texmf-dist/tex/latex/hyperref/puenc.def
File: puenc.def 2019/09/28 v7.00a Hyperref: PDF Unicode definition (HO)
)
Package hyperref Info: Option `pdfusetitle' set `true' on input line 4414.
Package hyperref Info: Hyper figures OFF on input line 4540.
Package hyperref Info: Link nesting OFF on input line 4545.
Package hyperref Info: Hyper index ON on input line 4548.
Package hyperref Info: Plain pages OFF on input line 4555.
Package hyperref Info: Backreferencing OFF on input line 4560.
Package hyperref Info: Implicit mode ON; LaTeX internals redefined.
Package hyperref Info: Bookmarks ON on input line 4793.
\c@Hy@tempcnt=\count144

(/usr/share/texmf-dist/tex/latex/url/url.sty
\Urlmuskip=\muskip10
Package: url 2013/09/16  ver 3.4  Verb mode for urls, etc.
)
LaTeX Info: Redefining \url on input line 5152.
\XeTeXLinkMargin=\dimen149
\Fld@menulength=\count145
\Field@Width=\dimen150
\Fld@charsize=\dimen151
Package hyperref Info: Hyper figures OFF on input line 6423.
Package hyperref Info: Link nesting OFF on input line 6428.
Package hyperref Info: Hyper index ON on input line 6431.
Package hyperref Info: backreferencing OFF on input line 6438.
Package hyperref Info: Link coloring OFF on input line 6443.
Package hyperref Info: Link coloring with OCG OFF on input line 6448.
Package hyperref Info: PDF/A mode OFF on input line 6453.
LaTeX Info: Redefining \ref on input line 6493.
LaTeX Info: Redefining \pageref on input line 6497.
\Hy@abspage=\count146
\c@Item=\count147
\c@Hfootnote=\count148
)
(/usr/share/texmf-dist/tex/latex/memoir/memhfixc.sty
Package: memhfixc 2013/05/30 v1.17 nameref/hyperref package fixes for memoir cl
ass
\c@memhycontfloat=\count149
\c@Hpagenote=\count150
)
Package hyperref Info: Driver (autodetected): hxetex.

(/usr/share/texmf-dist/tex/latex/hyperref/hxetex.def
File: hxetex.def 2019/09/28 v7.00a Hyperref driver for XeTeX

(/usr/share/texmf-dist/tex/generic/oberdiek/stringenc.sty
Package: stringenc 2016/05/16 v1.11 Convert strings between diff. encodings (HO
)
)
\pdfm@box=\box32
\c@Hy@AnnotLevel=\count151
\HyField@AnnotCount=\count152
\Fld@listcount=\count153
\c@bookmark@seq@number=\count154

(/usr/share/texmf-dist/tex/latex/oberdiek/rerunfilecheck.sty
Package: rerunfilecheck 2016/05/16 v1.8 Rerun checks for auxiliary files (HO)
Package uniquecounter Info: New unique counter `rerunfilecheck' on input line 2
82.
)
\Hy@SectionHShift=\skip185
)
(/usr/share/texmf-dist/tex/latex/ellipsis/ellipsis.sty
Package: ellipsis 2004/9/28 v1.6 ellipsis: fixes spacing around \protect \TU\te
xtellipsis 

(/usr/share/texmf-dist/tex/latex/tools/xspace.sty
Package: xspace 2014/10/28 v1.13 Space after command names (DPC,MH)
))
(/usr/share/texmf-dist/tex/latex/lm/lmodern.sty
Package: lmodern 2009/10/30 v1.6 Latin Modern Fonts
LaTeX Font Info:    Overwriting symbol font `operators' in version `normal'
(Font)                  OT1/cmr/m/n --> OT1/lmr/m/n on input line 22.
LaTeX Font Info:    Overwriting symbol font `letters' in version `normal'
(Font)                  OML/cmm/m/it --> OML/lmm/m/it on input line 23.
LaTeX Font Info:    Overwriting symbol font `symbols' in version `normal'
(Font)                  OMS/cmsy/m/n --> OMS/lmsy/m/n on input line 24.
LaTeX Font Info:    Overwriting symbol font `largesymbols' in version `normal'
(Font)                  OMX/cmex/m/n --> OMX/lmex/m/n on input line 25.
LaTeX Font Info:    Overwriting symbol font `operators' in version `bold'
(Font)                  OT1/cmr/bx/n --> OT1/lmr/bx/n on input line 26.
LaTeX Font Info:    Overwriting symbol font `letters' in version `bold'
(Font)                  OML/cmm/b/it --> OML/lmm/b/it on input line 27.
LaTeX Font Info:    Overwriting symbol font `symbols' in version `bold'
(Font)                  OMS/cmsy/b/n --> OMS/lmsy/b/n on input line 28.
LaTeX Font Info:    Overwriting symbol font `largesymbols' in version `bold'
(Font)                  OMX/cmex/m/n --> OMX/lmex/m/n on input line 29.
LaTeX Font Info:    Overwriting math alphabet `\mathbf' in version `normal'
(Font)                  OT1/cmr/bx/n --> OT1/lmr/bx/n on input line 31.
LaTeX Font Info:    Overwriting math alphabet `\mathsf' in version `normal'
(Font)                  OT1/cmss/m/n --> OT1/lmss/m/n on input line 32.
LaTeX Font Info:    Overwriting math alphabet `\mathit' in version `normal'
(Font)                  OT1/cmr/m/it --> OT1/lmr/m/it on input line 33.
LaTeX Font Info:    Overwriting math alphabet `\mathtt' in version `normal'
(Font)                  OT1/cmtt/m/n --> OT1/lmtt/m/n on input line 34.
LaTeX Font Info:    Overwriting math alphabet `\mathbf' in version `bold'
(Font)                  OT1/cmr/bx/n --> OT1/lmr/bx/n on input line 35.
LaTeX Font Info:    Overwriting math alphabet `\mathsf' in version `bold'
(Font)                  OT1/cmss/bx/n --> OT1/lmss/bx/n on input line 36.
LaTeX Font Info:    Overwriting math alphabet `\mathit' in version `bold'
(Font)                  OT1/cmr/bx/it --> OT1/lmr/bx/it on input line 37.
LaTeX Font Info:    Overwriting math alphabet `\mathtt' in version `bold'
(Font)                  OT1/cmtt/m/n --> OT1/lmtt/m/n on input line 38.
)
(/usr/share/texmf-dist/tex/latex/graphics/graphicx.sty
Package: graphicx 2017/06/01 v1.1a Enhanced LaTeX Graphics (DPC,SPQR)

(/usr/share/texmf-dist/tex/latex/graphics/graphics.sty
Package: graphics 2019/10/08 v1.3c Standard LaTeX Graphics (DPC,SPQR)

(/usr/share/texmf-dist/tex/latex/graphics/trig.sty
Package: trig 2016/01/03 v1.10 sin cos tan (DPC)
)
(/usr/share/texmf-dist/tex/latex/graphics-cfg/graphics.cfg
File: graphics.cfg 2016/06/04 v1.11 sample graphics configuration
)
Package graphics Info: Driver file: xetex.def on input line 105.

(/usr/share/texmf-dist/tex/latex/graphics-def/xetex.def
File: xetex.def 2017/06/24 v5.0h Graphics/color driver for xetex
))
\Gin@req@height=\dimen152
\Gin@req@width=\dimen153
)
(/usr/share/texmf-dist/tex/latex/etoolbox/etoolbox.sty
Package: etoolbox 2019/09/21 v2.5h e-TeX tools for LaTeX (JAW)
\etb@tempcnta=\count155
)

******************************************************
Stock height and width: 845.04684pt by 597.50787pt
Top and edge trims: 0pt and 0pt
Page height and width: 845.04684pt by 597.50787pt
Text height and width: 595.80026pt by 369pt
Spine and edge margins: 113.81102pt and 114.69685pt
Upper and lower margins: 126.74379pt and 122.50279pt
Headheight and headsep: 13.6pt and 19.8738pt
Footskip: 27.46295pt
Columnsep and columnseprule: 10pt and 0pt
Marginparsep and marginparwidth: 7pt and 100.69685pt
Sidecapsep and sidecapwidth: 7pt and 101pt
Sidebarhsep and sidebarwidth: 7pt and 101pt
Sidebarvsep and sidebartopsep: 13.6pt and 0pt
Sidebarheight: 594.32022pt
Sidefoothsep and sidefootwidth: 7pt and 101pt
Sidefootvsep and sidefootheight: 13.6pt and 594.32022pt
******************************************************

) (/usr/share/texmf-dist/tex/latex/base/inputenc.sty
Package: inputenc 2018/08/11 v1.3c Input encoding file
\inpenc@prehook=\toks23
\inpenc@posthook=\toks24


Package inputenc Warning: inputenc package ignored with utf8 based engines.

) (/usr/share/texmf-dist/tex/latex/base/fontenc.sty
Package: fontenc 2018/08/11 v2.0j Standard LaTeX package

(/usr/share/texmf-dist/tex/latex/base/t1enc.def
File: t1enc.def 2018/08/11 v2.0j Standard LaTeX file
LaTeX Font Info:    Redeclaring font encoding T1 on input line 48.
)
LaTeX Font Info:    Trying to load font information for T1+lmr on input line 10
5.

(/usr/share/texmf-dist/tex/latex/lm/t1lmr.fd
File: t1lmr.fd 2009/10/30 v1.6 Font defs for Latin Modern
))
(/usr/share/texmf-dist/tex/generic/dirtree/dirtree.sty
Package: dirtree 2012/12/11 v0.32 package wrapper for dirtree

(/usr/share/texmf-dist/tex/generic/dirtree/dirtree.tex
`dirtree' v0.32, 2012/12/11 (jcc)
\DT@offset=\dimen154
\DT@width=\dimen155
\DT@sep=\dimen156
\DT@all=\dimen157
\DT@rulewidth=\dimen158
\DT@dotwidth=\dimen159
\DTbaselineskip=\dimen160
\DT@counti=\count156
\DT@countii=\count157
\DT@countiii=\count158
\DT@countiv=\count159
\DT@indent=\dimen161
\DT@parskip=\dimen162
\DT@baselineskip=\dimen163
)
File: dirtree.tex 2012/12/11 v0.32 `dirtree' (jcc)
) (./main.aux)
\openout1 = `main.aux'.

LaTeX Font Info:    Checking defaults for OML/cmm/m/it on input line 65.
LaTeX Font Info:    ... okay on input line 65.
LaTeX Font Info:    Checking defaults for T1/cmr/m/n on input line 65.
LaTeX Font Info:    ... okay on input line 65.
LaTeX Font Info:    Checking defaults for OT1/cmr/m/n on input line 65.
LaTeX Font Info:    ... okay on input line 65.
LaTeX Font Info:    Checking defaults for OMS/cmsy/m/n on input line 65.
LaTeX Font Info:    ... okay on input line 65.
LaTeX Font Info:    Checking defaults for TU/lmr/m/n on input line 65.
LaTeX Font Info:    ... okay on input line 65.
LaTeX Font Info:    Checking defaults for OMX/cmex/m/n on input line 65.
LaTeX Font Info:    ... okay on input line 65.
LaTeX Font Info:    Checking defaults for U/cmr/m/n on input line 65.
LaTeX Font Info:    ... okay on input line 65.
LaTeX Font Info:    Checking defaults for PD1/pdf/m/n on input line 65.
LaTeX Font Info:    ... okay on input line 65.
LaTeX Font Info:    Checking defaults for PU/pdf/m/n on input line 65.
LaTeX Font Info:    ... okay on input line 65.
\AtBeginShipoutBox=\box33
Package hyperref Info: Link coloring OFF on input line 65.

(/usr/share/texmf-dist/tex/latex/hyperref/nameref.sty
Package: nameref 2019/09/16 v2.46 Cross-referencing by name of section

(/usr/share/texmf-dist/tex/generic/oberdiek/gettitlestring.sty
Package: gettitlestring 2016/05/16 v1.5 Cleanup title references (HO)
)
\c@section@level=\count160
)
Redoing nameref's sectioning
Redoing nameref's label
LaTeX Info: Redefining \nameref on input line 65.
LaTeX Info: Redefining \ref on input line 65.
LaTeX Info: Redefining \pageref on input line 65.
LaTeX Info: Redefining \nameref on input line 65.
(./main.out) (./main.out)
\@outlinefile=\write4
\openout4 = `main.out'.

LaTeX Info: Redefining \dots on input line 65.
 [1

] [2

]
File: cvut-logo-bw.pdf Graphic file (type pdf)
<use cvut-logo-bw.pdf>
Missing character: There is no š in font ec-lmbxi10!
Missing character: There is no č in font ec-lmr10!
Missing character: There is no č in font ec-lmr10!
Missing character: There is no ř in font ec-lmr10!
Missing character: There is no č in font ec-lmr10!
 [1

] [2

]

LaTeX Font Warning: Font shape `T1/lmr/bx/sc' undefined
(Font)              using `T1/lmr/bx/n' instead on input line 65.

LaTeX Font Info:    Trying to load font information for T1+lmss on input line 6
5.
(/usr/share/texmf-dist/tex/latex/lm/t1lmss.fd
File: t1lmss.fd 2009/10/30 v1.6 Font defs for Latin Modern
)

LaTeX Font Warning: Font shape `T1/lmss/bx/sc' undefined
(Font)              using `T1/lmss/bx/n' instead on input line 65.

Missing character: There is no ň in font ec-lmr10!
Missing character: There is no ě in font ec-lmr10!
Missing character: There is no č in font ec-lmr10!
Missing character: There is no ř in font ec-lmr10!
Missing character: There is no ě in font ec-lmr10!
Missing character: There is no ě in font ec-lmr10!
Missing character: There is no ň in font ec-lmr10!
Missing character: There is no ř in font ec-lmr10!
[3

] [4

] (./prohlaseni4.tex.txt) [5]
LaTeX Font Info:    Trying to load font information for OMS+lmr on input line 6
5.

(/usr/share/texmf-dist/tex/latex/lm/omslmr.fd
File: omslmr.fd 2009/10/30 v1.6 Font defs for Latin Modern
)
LaTeX Font Info:    Trying to load font information for OMS+lmsy on input line 
65.

(/usr/share/texmf-dist/tex/latex/lm/omslmsy.fd
File: omslmsy.fd 2009/10/30 v1.6 Font defs for Latin Modern
)
LaTeX Font Info:    Font shape `OMS/lmr/m/n' in size <10.95> not available
(Font)              Font shape `OMS/lmsy/m/n' tried instead on input line 65.
Missing character: There is no š in font ec-lmr10!

Overfull \hbox (2.23239pt too wide) in paragraph at lines 65--65
\T1/lmr/m/it/10.95 v Praze, Fa-kult¥ in-forma£ních tech-no-lo-gií. Práce je chr
án¥na práv-ními p°edpisy
 []

Missing character: There is no š in font ec-lmr10!
[6

]
Missing character: There is no ř in font ec-lmr10!
Missing character: There is no ž in font ec-lmr10!
Missing character: There is no ě in font ec-lmr10!
Missing character: There is no ž in font ec-lmr10!
Missing character: There is no ě in font ec-lmr10!
Missing character: There is no š in font ec-lmr10!
Missing character: There is no ž in font ec-lmr10!
Missing character: There is no č in font ec-lmr10!
Missing character: There is no ě in font ec-lmr10!
Missing character: There is no ů in font ec-lmr10!
 [7

] [8] (./main.toc
LaTeX Font Info:    Trying to load font information for OT1+lmr on input line 8
.
 (/usr/share/texmf-dist/tex/latex/lm/ot1lmr.fd
File: ot1lmr.fd 2009/10/30 v1.6 Font defs for Latin Modern
)
LaTeX Font Info:    Trying to load font information for OML+lmm on input line 8
.

(/usr/share/texmf-dist/tex/latex/lm/omllmm.fd
File: omllmm.fd 2009/10/30 v1.6 Font defs for Latin Modern
)
LaTeX Font Info:    Trying to load font information for OMX+lmex on input line 
8.

(/usr/share/texmf-dist/tex/latex/lm/omxlmex.fd
File: omxlmex.fd 2009/10/30 v1.6 Font defs for Latin Modern
)
LaTeX Font Info:    External font `lmex10' loaded for size
(Font)              <10.95> on input line 8.
LaTeX Font Info:    External font `lmex10' loaded for size
(Font)              <8> on input line 8.
LaTeX Font Info:    External font `lmex10' loaded for size
(Font)              <6> on input line 8.
Missing character: There is no č in font ec-lmr10!
Missing character: There is no č in font ec-lmr10!
Missing character: There is no č in font ec-lmr10!
 [9

]
Missing character: There is no č in font ec-lmr10!
Missing character: There is no ž in font ec-lmr10!
Missing character: There is no š in font ec-lmr10!
Missing character: There is no š in font ec-lmr10!
Missing character: There is no ř in font ec-lmr10!
Missing character: There is no ů in font ec-lmr10!
Missing character: There is no ě in font ec-lmbx10!
Missing character: There is no ž in font ec-lmbx10!
Missing character: There is no ř in font ec-lmbx10!
Missing character: There is no ž in font ec-lmbx10!
) [10] (./main.lof) [11

]
[12

] (./main.lot) [13] [14

] [1

] [2

]
Missing character: There is no ě in font ec-lmr10!
Missing character: There is no ě in font ec-lmr10!
Missing character: There is no š in font ec-lmr10!
Missing character: There is no ě in font ec-lmr10!
Missing character: There is no ž in font ec-lmr10!
Missing character: There is no ě in font ec-lmr10!
Missing character: There is no ž in font ec-lmr10!
Missing character: There is no ě in font ec-lmr10!
Missing character: There is no ž in font ec-lmr10!
Missing character: There is no ů in font ec-lmr10!
Missing character: There is no ů in font ec-lmr10!
Missing character: There is no č in font ec-lmr10!
Missing character: There is no ž in font ec-lmr10!
Missing character: There is no ž in font ec-lmr10!
Missing character: There is no ě in font ec-lmr10!
Missing character: There is no ř in font ec-lmr10!
Missing character: There is no š in font ec-lmr10!
Missing character: There is no ž in font ec-lmr10!
Missing character: There is no ř in font ec-lmr10!
Missing character: There is no š in font ec-lmr10!
 (./kubernetes.tex
Missing character: There is no Ř in font ec-lmr10!
Missing character: There is no ž in font ec-lmr10!
Missing character: There is no ř in font ec-lmr10!
Missing character: There is no ž in font ec-lmr10!
Missing character: There is no ř in font ec-lmr10!
Missing character: There is no ř in font ec-lmr10!
Missing character: There is no š in font ec-lmr10!
Missing character: There is no ě in font ec-lmr10!
Missing character: There is no ů in font ec-lmr10!
Missing character: There is no ě in font ec-lmr10!
Missing character: There is no Ř in font ec-lmr10!
Missing character: There is no ů in font ec-lmr10!
Missing character: There is no ž in font ec-lmr10!
Missing character: There is no ů in font ec-lmr10!
Missing character: There is no ž in font ec-lmr10!
Missing character: There is no š in font ec-lmr10!
Missing character: There is no ž in font ec-lmr10!
Missing character: There is no ž in font ec-lmr10!
Missing character: There is no ž in font ec-lmr10!
Missing character: There is no ř in font ec-lmr10!
Missing character: There is no ě in font ec-lmr10!
Missing character: There is no ž in font ec-lmr10!
Missing character: There is no č in font ec-lmr10!
Missing character: There is no ř in font ec-lmr10!
Missing character: There is no ě in font ec-lmr10!
Missing character: There is no ě in font ec-lmr10!
Missing character: There is no ž in font ec-lmr10!
Missing character: There is no ě in font ec-lmr10!
Missing character: There is no č in font ec-lmr10!
Missing character: There is no š in font ec-lmr10!
Missing character: There is no ě in font ec-lmr10!
Missing character: There is no č in font ec-lmbx10!
) (./ansible.tex
Missing character: There is no č in font ec-lmr10!
Missing character: There is no ě in font ec-lmr10!
Missing character: There is no š in font ec-lmr10!
Missing character: There is no ř in font ec-lmr10!
Missing character: There is no č in font ec-lmr10!
Missing character: There is no ů in font ec-lmr10!
Missing character: There is no ř in font ec-lmr10!

Underfull \vbox (badness 10000) has occurred while \output is active []

 [3]
Missing character: There is no č in font ec-lmr10!
Missing character: There is no ě in font ec-lmr10!
Missing character: There is no č in font ec-lmr10!
Missing character: There is no ř in font ec-lmr10!
Missing character: There is no ů in font ec-lmr10!
Missing character: There is no ě in font ec-lmr10!
Missing character: There is no ř in font ec-lmr10!
Missing character: There is no ů in font ec-lmr10!
Missing character: There is no ž in font ec-lmr10!
Missing character: There is no ř in font ec-lmr10!
Missing character: There is no č in font ec-lmr10!
Missing character: There is no č in font ec-lmr10!
Missing character: There is no ž in font ec-lmr10!
Missing character: There is no č in font ec-lmr10!
Missing character: There is no ě in font ec-lmr10!
Missing character: There is no ř in font ec-lmr10!
Missing character: There is no š in font ec-lmr10!
Missing character: There is no č in font ec-lmr10!
Missing character: There is no č in font ec-lmr10!
Missing character: There is no ř in font ec-lmr10!
Missing character: There is no ž in font ec-lmr10!
Missing character: There is no ž in font ec-lmr10!
Missing character: There is no ř in font ec-lmr10!
Missing character: There is no ž in font ec-lmr10!
Missing character: There is no č in font ec-lmr10!
Missing character: There is no č in font ec-lmr10!
Missing character: There is no ů in font ec-lmr10!
Missing character: There is no ž in font ec-lmr10!
Missing character: There is no š in font ec-lmr10!
Missing character: There is no ě in font ec-lmr10!
Missing character: There is no ř in font ec-lmr10!
Missing character: There is no č in font ec-lmr10!
Missing character: There is no č in font ec-lmr10!
Missing character: There is no ů in font ec-lmr10!
Missing character: There is no ž in font ec-lmr10!
Missing character: There is no ě in font ec-lmr10!
Missing character: There is no š in font ec-lmr10!
Missing character: There is no č in font ec-lmr10!
Missing character: There is no č in font ec-lmr10!
Missing character: There is no č in font ec-lmr10!
Missing character: There is no ť in font ec-lmr10!
Missing character: There is no ř in font ec-lmr10!
Missing character: There is no ů in font ec-lmr10!
Missing character: There is no ž in font ec-lmr10!
Missing character: There is no ř in font ec-lmr10!
Missing character: There is no ů in font ec-lmr10!
Missing character: There is no ž in font ec-lmr10!
Missing character: There is no ž in font ec-lmr10!
Missing character: There is no š in font ec-lmr10!
Missing character: There is no ř in font ec-lmr10!
Missing character: There is no Č in font ec-lmr10!
Missing character: There is no ř in font ec-lmr10!
Missing character: There is no š in font ec-lmr10!
Missing character: There is no ř in font ec-lmr10!
Missing character: There is no ž in font ec-lmr10!

[4]
Missing character: There is no č in font ec-lmr10!
Missing character: There is no š in font ec-lmr10!
Missing character: There is no ě in font ec-lmr10!
Missing character: There is no ž in font ec-lmr10!
Missing character: There is no ž in font ec-lmr10!
Missing character: There is no š in font ec-lmr10!
Missing character: There is no ž in font ec-lmr10!
Missing character: There is no ů in font ec-lmr10!
Missing character: There is no ř in font ec-lmr10!
Missing character: There is no ž in font ec-lmr10!
Missing character: There is no č in font ec-lmr10!
Missing character: There is no ů in font ec-lmr10!
Missing character: There is no ů in font ec-lmr10!
Missing character: There is no ž in font ec-lmr10!
Missing character: There is no ř in font ec-lmr10!
Missing character: There is no š in font ec-lmr10!
Missing character: There is no ž in font ec-lmr10!
Missing character: There is no ž in font ec-lmr10!
Missing character: There is no ř in font ec-lmr10!
Missing character: There is no ř in font ec-lmr10!
Missing character: There is no č in font ec-lmr10!
Missing character: There is no ř in font ec-lmr10!
Missing character: There is no ů in font ec-lmr10!
Missing character: There is no č in font ec-lmr10!
Missing character: There is no š in font ec-lmr10!
Missing character: There is no ž in font ec-lmr10!
) (./docker.tex
Missing character: There is no ř in font ec-lmr10!
Missing character: There is no š in font ec-lmr10!
Missing character: There is no ě in font ec-lmr10!
Missing character: There is no ž in font ec-lmr10!
Missing character: There is no ě in font ec-lmr10!
Missing character: There is no ů in font ec-lmr10!
Missing character: There is no ž in font ec-lmr10!
Missing character: There is no ů in font ec-lmr10!
Missing character: There is no ž in font ec-lmr10!
Missing character: There is no ů in font ec-lmr10!
Missing character: There is no ř in font ec-lmr10!
Missing character: There is no ě in font ec-lmr10!
Missing character: There is no ž in font ec-lmr10!
Missing character: There is no č in font ec-lmr10!
Missing character: There is no č in font ec-lmr10!
Missing character: There is no ů in font ec-lmr10!
Missing character: There is no ě in font ec-lmr10!
Missing character: There is no ů in font ec-lmr10!
Missing character: There is no ě in font ec-lmr10!
Missing character: There is no ř in font ec-lmr10!
Missing character: There is no š in font ec-lmr10!
Missing character: There is no ě in font ec-lmr10!
Missing character: There is no ž in font ec-lmr10!
Missing character: There is no ů in font ec-lmr10!
Missing character: There is no č in font ec-lmr10!
Missing character: There is no č in font ec-lmr10!
Missing character: There is no š in font ec-lmr10!
Missing character: There is no ť in font ec-lmr10!
Missing character: There is no č in font ec-lmr10!
Missing character: There is no č in font ec-lmr10!
Missing character: There is no ů in font ec-lmr10!
Missing character: There is no ž in font ec-lmr10!
Missing character: There is no č in font ec-lmr10!
Missing character: There is no č in font ec-lmr10!
Missing character: There is no ů in font ec-lmr10!
Missing character: There is no ž in font ec-lmr10!
Missing character: There is no ž in font ec-lmr10!
Missing character: There is no ě in font ec-lmr10!
Missing character: There is no č in font ec-lmr10!
Missing character: There is no ř in font ec-lmr10!
Missing character: There is no š in font ec-lmr10!
Missing character: There is no ň in font ec-lmr10!
Missing character: There is no ř in font ec-lmr10!
Missing character: There is no ě in font ec-lmr10!
Missing character: There is no ž in font ec-lmr10!
Missing character: There is no ř in font ec-lmr10!
Missing character: There is no š in font ec-lmr10!
Missing character: There is no ž in font ec-lmr10!
Missing character: There is no ů in font ec-lmr10!
Missing character: There is no š in font ec-lmr10!
Missing character: There is no š in font ec-lmr10!
Missing character: There is no ř in font ec-lmr10!
Missing character: There is no ě in font ec-lmr10!
Missing character: There is no ž in font ec-lmr10!
Missing character: There is no č in font ec-lmr10!
Missing character: There is no č in font ec-lmr10!
Missing character: There is no š in font ec-lmr10!
Missing character: There is no ě in font ec-lmr10!
Missing character: There is no ť in font ec-lmr10!
Missing character: There is no š in font ec-lmr10!
Missing character: There is no ř in font ec-lmr10!
Missing character: There is no č in font ec-lmbx12!
Missing character: There is no č in font ec-lmbx12!
Missing character: There is no ě in font ec-lmr10!
Missing character: There is no ď in font ec-lmr10!
Missing character: There is no ů in font ec-lmr10!
Missing character: There is no ř in font ec-lmr10!
Missing character: There is no ř in font ec-lmr10!
Missing character: There is no ř in font ec-lmr10!
Missing character: There is no š in font ec-lmr10!
Missing character: There is no ř in font ec-lmr10!
Missing character: There is no š in font ec-lmr10!
Missing character: There is no ů in font ec-lmr10!
Missing character: There is no ř in font ec-lmr10!
Missing character: There is no ř in font ec-lmr10!
Missing character: There is no ř in font ec-lmr10!
Missing character: There is no ě in font ec-lmr10!
Missing character: There is no ě in font ec-lmr10!
Missing character: There is no ř in font ec-lmr10!
Missing character: There is no č in font ec-lmr10!
Missing character: There is no ů in font ec-lmr10!
Missing character: There is no ž in font ec-lmr10!
Missing character: There is no č in font ec-lmr10!
Missing character: There is no ě in font ec-lmr10!
 [5]
Missing character: There is no ě in font ec-lmr10!
Missing character: There is no š in font ec-lmr10!
Missing character: There is no č in font ec-lmr10!
Missing character: There is no ě in font ec-lmr10!
Missing character: There is no ž in font ec-lmr10!
Missing character: There is no ě in font ec-lmr10!
Missing character: There is no ě in font ec-lmr10!
Missing character: There is no ž in font ec-lmr10!
Missing character: There is no ž in font ec-lmr10!
Missing character: There is no ř in font ec-lmr10!
Missing character: There is no š in font ec-lmr10!
Missing character: There is no č in font ec-lmr10!
Missing character: There is no č in font ec-lmr10!
Missing character: There is no ě in font ec-lmr10!
Missing character: There is no ž in font ec-lmr10!
Missing character: There is no ů in font ec-lmr10!
Missing character: There is no ů in font ec-lmr10!
Missing character: There is no č in font ec-lmr10!
Missing character: There is no ů in font ec-lmr10!
Missing character: There is no ř in font ec-lmr10!
Missing character: There is no ř in font ec-lmr10!
Missing character: There is no ř in font ec-lmr10!
Missing character: There is no ř in font ec-lmr10!
Missing character: There is no ř in font ec-lmr10!
Missing character: There is no ů in font ec-lmr10!
Missing character: There is no ě in font ec-lmr10!
Missing character: There is no ž in font ec-lmr10!
Missing character: There is no ů in font ec-lmr10!
Missing character: There is no č in font ec-lmr10!
Missing character: There is no ř in font ec-lmr10!
Missing character: There is no š in font ec-lmr10!
Missing character: There is no ž in font ec-lmr10!
Missing character: There is no ů in font ec-lmr10!
Missing character: There is no Ř in font ec-lmr10!
Missing character: There is no ě in font ec-lmr10!
Missing character: There is no ž in font ec-lmr10!
Missing character: There is no ě in font ec-lmr10!
Missing character: There is no ž in font ec-lmr10!
Missing character: There is no ř in font ec-lmr10!
Missing character: There is no ž in font ec-lmr10!
Missing character: There is no ž in font ec-lmr10!
Missing character: There is no ž in font ec-lmr10!
Missing character: There is no ž in font ec-lmr10!
Missing character: There is no ř in font ec-lmr10!
Missing character: There is no š in font ec-lmr10!
Missing character: There is no š in font ec-lmr10!
Missing character: There is no ů in font ec-lmr10!
Missing character: There is no ž in font ec-lmr10!
Missing character: There is no ž in font ec-lmr10!
Missing character: There is no č in font ec-lmr10!
Missing character: There is no č in font ec-lmr10!
Missing character: There is no ž in font ec-lmr10!
Missing character: There is no ž in font ec-lmr10!
Missing character: There is no ů in font ec-lmr10!
Missing character: There is no ř in font ec-lmr10!
Missing character: There is no ě in font ec-lmr10!
Missing character: There is no š in font ec-lmr10!
Missing character: There is no š in font ec-lmr10!
Missing character: There is no ž in font ec-lmr10!
Missing character: There is no š in font ec-lmr10!
Missing character: There is no ř in font ec-lmr10!
Missing character: There is no š in font ec-lmr10!
Missing character: There is no ř in font ec-lmr10!
Missing character: There is no š in font ec-lmr10!
Missing character: There is no ě in font ec-lmr10!
Missing character: There is no ě in font ec-lmr10!
Missing character: There is no š in font ec-lmr10!
Missing character: There is no š in font ec-lmr10!
Missing character: There is no ě in font ec-lmr10!
Missing character: There is no ř in font ec-lmr10!
Missing character: There is no š in font ec-lmr10!
Missing character: There is no ě in font ec-lmr10!
Missing character: There is no ř in font ec-lmr10!
Missing character: There is no ř in font ec-lmr10!
Missing character: There is no ř in font ec-lmr10!
Missing character: There is no ě in font ec-lmr10!
Missing character: There is no ž in font ec-lmr10!
Missing character: There is no ě in font ec-lmr10!
Missing character: There is no ž in font ec-lmr10!
Missing character: There is no ž in font ec-lmr10!
Missing character: There is no ů in font ec-lmr10!
Missing character: There is no č in font ec-lmr10!
Missing character: There is no č in font ec-lmr10!
Missing character: There is no ě in font ec-lmr10!
Missing character: There is no ť in font ec-lmr10!
Missing character: There is no ř in font ec-lmr10!
Missing character: There is no š in font ec-lmr10!
Missing character: There is no ě in font ec-lmr10!
Missing character: There is no ž in font ec-lmr10!
Missing character: There is no ř in font ec-lmr10!
Missing character: There is no š in font ec-lmr10!
Missing character: There is no ž in font ec-lmr10!
Missing character: There is no ě in font ec-lmr10!
Missing character: There is no č in font ec-lmr10!
Missing character: There is no č in font ec-lmr10!
Missing character: There is no ě in font ec-lmr10!
Missing character: There is no ž in font ec-lmr10!
Missing character: There is no ž in font ec-lmr10!
Missing character: There is no ž in font ec-lmr10!
Missing character: There is no ě in font ec-lmr10!
Missing character: There is no ů in font ec-lmr10!
Missing character: There is no ž in font ec-lmr10!
Missing character: There is no ř in font ec-lmr10!
Missing character: There is no š in font ec-lmr10!
Missing character: There is no š in font ec-lmr10!
Missing character: There is no ž in font ec-lmr10!
Missing character: There is no ž in font ec-lmr10!
Missing character: There is no š in font ec-lmr10!
Missing character: There is no ě in font ec-lmr10!
Missing character: There is no ů in font ec-lmr10!
Missing character: There is no ž in font ec-lmr10!
Missing character: There is no ž in font ec-lmr10!
Missing character: There is no ř in font ec-lmr10!
Missing character: There is no ž in font ec-lmr10!
Missing character: There is no ž in font ec-lmr10!
Missing character: There is no ž in font ec-lmr10!
Missing character: There is no ř in font ec-lmr10!
Missing character: There is no ě in font ec-lmr10!
Missing character: There is no ž in font ec-lmr10!
Missing character: There is no ř in font ec-lmr10!
Missing character: There is no ů in font ec-lmr10!
Missing character: There is no ť in font ec-lmr10!
Missing character: There is no ř in font ec-lmr10!
Missing character: There is no ř in font ec-lmr10!
Missing character: There is no ů in font ec-lmr10!
Missing character: There is no ž in font ec-lmr10!
 [6]
Missing character: There is no ř in font ec-lmr10!
Missing character: There is no š in font ec-lmr10!
Missing character: There is no ě in font ec-lmr10!
Missing character: There is no ř in font ec-lmr10!
Missing character: There is no ě in font ec-lmr10!
Missing character: There is no š in font ec-lmr10!
Missing character: There is no ř in font ec-lmr10!
Missing character: There is no ě in font ec-lmr10!
Missing character: There is no ž in font ec-lmr10!
Missing character: There is no ž in font ec-lmr10!
Missing character: There is no č in font ec-lmr10!
Missing character: There is no ě in font ec-lmr10!
Missing character: There is no ž in font ec-lmr10!
Missing character: There is no ň in font ec-lmr10!
Missing character: There is no ž in font ec-lmr10!
Missing character: There is no ů in font ec-lmr10!
Missing character: There is no ž in font ec-lmr10!
Missing character: There is no ů in font ec-lmr10!
Missing character: There is no ť in font ec-lmr10!
Missing character: There is no š in font ec-lmr10!
Missing character: There is no ů in font ec-lmr10!
Missing character: There is no ž in font ec-lmr10!
Missing character: There is no ě in font ec-lmr10!
Missing character: There is no š in font ec-lmr10!
Missing character: There is no ž in font ec-lmr10!
Missing character: There is no ž in font ec-lmr10!
Missing character: There is no ř in font ec-lmr10!
Missing character: There is no š in font ec-lmr10!
Missing character: There is no Č in font ec-lmr10!
Missing character: There is no ě in font ec-lmr10!
Missing character: There is no ě in font ec-lmr10!
Missing character: There is no ů in font ec-lmr10!
Missing character: There is no ň in font ec-lmr10!
Missing character: There is no ů in font ec-lmr10!
Missing character: There is no ž in font ec-lmr10!
Missing character: There is no ž in font ec-lmr10!
Missing character: There is no ě in font ec-lmr10!
Missing character: There is no ť in font ec-lmr10!
Missing character: There is no ž in font ec-lmr10!
Missing character: There is no š in font ec-lmr10!
Missing character: There is no ě in font ec-lmr10!
Missing character: There is no š in font ec-lmr10!
Missing character: There is no ř in font ec-lmr10!
Missing character: There is no ž in font ec-lmr10!
Missing character: There is no ž in font ec-lmr10!
Missing character: There is no ž in font ec-lmr10!
Missing character: There is no ř in font ec-lmr10!
Missing character: There is no š in font ec-lmr10!
Missing character: There is no ř in font ec-lmr10!
Missing character: There is no ě in font ec-lmr10!
Missing character: There is no š in font ec-lmr10!
Missing character: There is no ž in font ec-lmr10!
Missing character: There is no š in font ec-lmr10!
Missing character: There is no ě in font ec-lmr10!
Missing character: There is no š in font ec-lmr10!
Missing character: There is no ř in font ec-lmr10!
Missing character: There is no ř in font ec-lmr10!
Missing character: There is no š in font ec-lmr10!
Missing character: There is no ě in font ec-lmr10!
Missing character: There is no ě in font ec-lmr10!
Missing character: There is no ž in font ec-lmr10!
Missing character: There is no ě in font ec-lmr10!
Missing character: There is no ř in font ec-lmr10!
 [7]
Missing character: There is no ř in font ec-lmr10!
Missing character: There is no ě in font ec-lmr10!
Missing character: There is no ř in font ec-lmr10!
Missing character: There is no ř in font ec-lmr10!
Missing character: There is no ž in font ec-lmr10!
Missing character: There is no ř in font ec-lmr10!
Missing character: There is no š in font ec-lmr10!
Missing character: There is no ě in font ec-lmr10!
Missing character: There is no č in font ec-lmr10!
Missing character: There is no č in font ec-lmr10!
Missing character: There is no č in font ec-lmr10!
Missing character: There is no ů in font ec-lmr10!
Missing character: There is no ž in font ec-lmr10!
Missing character: There is no ř in font ec-lmr10!
Missing character: There is no š in font ec-lmr10!
Missing character: There is no š in font ec-lmr10!
Missing character: There is no ě in font ec-lmr10!
Missing character: There is no ů in font ec-lmr10!
Missing character: There is no ž in font ec-lmr10!
Missing character: There is no ž in font ec-lmr10!
Missing character: There is no ů in font ec-lmr10!
Missing character: There is no ř in font ec-lmr10!
Missing character: There is no ř in font ec-lmr10!
Missing character: There is no ř in font ec-lmr10!
Missing character: There is no ř in font ec-lmr10!
Missing character: There is no ř in font ec-lmr10!
Missing character: There is no ž in font ec-lmr10!
Missing character: There is no ř in font ec-lmr10!
Missing character: There is no č in font ec-lmr10!
Missing character: There is no ř in font ec-lmr10!
Missing character: There is no ž in font ec-lmr10!
Missing character: There is no ř in font ec-lmr10!
Missing character: There is no ř in font ec-lmr10!
Missing character: There is no č in font ec-lmr10!
Missing character: There is no č in font ec-lmr10!
Missing character: There is no ř in font ec-lmr10!
Missing character: There is no ě in font ec-lmr10!
Missing character: There is no ě in font ec-lmr10!
Missing character: There is no ř in font ec-lmr10!
Missing character: There is no ě in font ec-lmr10!
Missing character: There is no ě in font ec-lmr10!
Missing character: There is no ě in font ec-lmr10!
Missing character: There is no š in font ec-lmr10!
Missing character: There is no č in font ec-lmr10!
Missing character: There is no ř in font ec-lmr10!
Missing character: There is no ž in font ec-lmr10!
Missing character: There is no ř in font ec-lmr10!
Missing character: There is no č in font ec-lmr10!
Missing character: There is no ů in font ec-lmr10!
Missing character: There is no č in font ec-lmr10!
Missing character: There is no š in font ec-lmr10!
Missing character: There is no ě in font ec-lmr10!
Missing character: There is no ů in font ec-lmr10!
Missing character: There is no ů in font ec-lmr10!
Missing character: There is no ž in font ec-lmr10!
Missing character: There is no š in font ec-lmr10!
Missing character: There is no ě in font ec-lmr10!
Missing character: There is no ř in font ec-lmr10!
Missing character: There is no ž in font ec-lmr10!
Missing character: There is no š in font ec-lmr10!
Missing character: There is no ě in font ec-lmr10!
Missing character: There is no ř in font ec-lmr10!
Missing character: There is no ř in font ec-lmr10!
Missing character: There is no š in font ec-lmr10!
Missing character: There is no ě in font ec-lmr10!
Missing character: There is no ě in font ec-lmr10!
Missing character: There is no ž in font ec-lmr10!
Missing character: There is no š in font ec-lmr10!
Missing character: There is no ž in font ec-lmr10!
Missing character: There is no ů in font ec-lmr10!
Missing character: There is no ž in font ec-lmr10!
Missing character: There is no ě in font ec-lmr10!
Missing character: There is no ž in font ec-lmr10!
Missing character: There is no ě in font ec-lmr10!
Missing character: There is no ů in font ec-lmr10!
Missing character: There is no ž in font ec-lmr10!
Missing character: There is no ě in font ec-lmr10!
Missing character: There is no ř in font ec-lmr10!
Missing character: There is no š in font ec-lmr10!
Missing character: There is no ě in font ec-lmr10!
Missing character: There is no ž in font ec-lmr10!
Missing character: There is no ř in font ec-lmr10!
Missing character: There is no š in font ec-lmr10!
Missing character: There is no ě in font ec-lmr10!
) (./hashcat.tex
Missing character: There is no č in font ec-lmbx12!
Missing character: There is no ž in font ec-lmbx12!
 [8]
Missing character: There is no ů in font ec-lmr10!
Missing character: There is no ž in font ec-lmr10!
Missing character: There is no ě in font ec-lmr10!
Missing character: There is no š in font ec-lmr10!
Missing character: There is no ě in font ec-lmr10!
Missing character: There is no ř in font ec-lmr10!
Missing character: There is no š in font ec-lmr10!
Missing character: There is no ř in font ec-lmr10!
Missing character: There is no č in font ec-lmr10!
Missing character: There is no ě in font ec-lmr10!
Missing character: There is no ů in font ec-lmr10!
Missing character: There is no ž in font ec-lmr10!
Missing character: There is no ě in font ec-lmr10!
Missing character: There is no ž in font ec-lmr10!
Missing character: There is no š in font ec-lmr10!
Missing character: There is no ů in font ec-lmr10!
Missing character: There is no č in font ec-lmr10!
Missing character: There is no ě in font ec-lmr10!
Missing character: There is no ž in font ec-lmr10!
Missing character: There is no ě in font ec-lmr10!
Missing character: There is no č in font ec-lmr10!
Missing character: There is no ů in font ec-lmr10!
Missing character: There is no ž in font ec-lmr10!
Missing character: There is no ž in font ec-lmr10!
Missing character: There is no ů in font ec-lmr10!
Missing character: There is no ř in font ec-lmr10!
Missing character: There is no ř in font ec-lmr10!
Missing character: There is no ě in font ec-lmr10!
Missing character: There is no ů in font ec-lmr10!
Missing character: There is no ž in font ec-lmr10!
Missing character: There is no ř in font ec-lmr10!
Missing character: There is no ř in font ec-lmr10!
Missing character: There is no š in font ec-lmr10!
Missing character: There is no č in font ec-lmr10!
Missing character: There is no ů in font ec-lmr10!
Missing character: There is no ž in font ec-lmr10!
Missing character: There is no š in font ec-lmr10!
Missing character: There is no š in font ec-lmr10!
Missing character: There is no ě in font ec-lmr10!
Missing character: There is no ě in font ec-lmr10!
Missing character: There is no š in font ec-lmr10!
Missing character: There is no š in font ec-lmr10!
Missing character: There is no š in font ec-lmr10!
Missing character: There is no ž in font ec-lmr10!
Missing character: There is no ž in font ec-lmr10!
Missing character: There is no ř in font ec-lmr10!
Missing character: There is no č in font ec-lmr10!
Missing character: There is no ů in font ec-lmr10!
Missing character: There is no ř in font ec-lmr10!
Missing character: There is no č in font ec-lmr10!
Missing character: There is no ž in font ec-lmr10!
Missing character: There is no ž in font ec-lmr10!
Missing character: There is no ř in font ec-lmr10!
Missing character: There is no ů in font ec-lmr10!
Missing character: There is no ž in font ec-lmr10!
Missing character: There is no ř in font ec-lmr10!
Missing character: There is no ě in font ec-lmr10!
Missing character: There is no ž in font ec-lmr10!
Missing character: There is no ř in font ec-lmr10!
Missing character: There is no č in font ec-lmr10!
Missing character: There is no ů in font ec-lmr10!
Missing character: There is no č in font ec-lmr10!
Missing character: There is no ě in font ec-lmr10!
Missing character: There is no ř in font ec-lmr10!
Missing character: There is no ž in font ec-lmr10!
Missing character: There is no ě in font ec-lmr10!
Missing character: There is no ř in font ec-lmr10!
Missing character: There is no č in font ec-lmr10!
Missing character: There is no ě in font ec-lmr10!
Missing character: There is no ž in font ec-lmr10!
Missing character: There is no ž in font ec-lmr10!
Missing character: There is no ě in font ec-lmr10!
Missing character: There is no š in font ec-lmr10!
Missing character: There is no š in font ec-lmbx12!
Missing character: There is no ě in font ec-lmr10!
Missing character: There is no ž in font ec-lmr10!
Missing character: There is no č in font ec-lmr10!
Missing character: There is no ě in font ec-lmr10!
Missing character: There is no č in font ec-lmr10!
Missing character: There is no ř in font ec-lmr10!
Missing character: There is no ž in font ec-lmr10!
Missing character: There is no š in font ec-lmr10!
Missing character: There is no ž in font ec-lmr10!
Missing character: There is no š in font ec-lmbx12!
Missing character: There is no ž in font ec-lmr10!
Missing character: There is no š in font ec-lmr10!
Missing character: There is no ž in font ec-lmr10!
Missing character: There is no ě in font ec-lmr10!
Missing character: There is no ě in font ec-lmr10!
Missing character: There is no ě in font ec-lmr10!
Missing character: There is no ž in font ec-lmr10!
Missing character: There is no ů in font ec-lmr10!
 [9

]
Missing character: There is no ě in font ec-lmr10!
Missing character: There is no ž in font ec-lmr10!
Missing character: There is no ě in font ec-lmr10!
Missing character: There is no ů in font ec-lmr10!
Missing character: There is no ě in font ec-lmr10!
Missing character: There is no ě in font ec-lmr10!
Missing character: There is no ř in font ec-lmr10!
) (./passwords.tex
Missing character: There is no ě in font ec-lmr10!
Missing character: There is no č in font ec-lmr10!
Missing character: There is no č in font ec-lmr10!
Missing character: There is no ě in font ec-lmr10!
Missing character: There is no č in font ec-lmr10!
Missing character: There is no č in font ec-lmr10!
Missing character: There is no š in font ec-lmr10!
Missing character: There is no ž in font ec-lmr10!
Missing character: There is no š in font ec-lmr10!
Missing character: There is no č in font ec-lmr10!
Missing character: There is no č in font ec-lmr10!
Missing character: There is no ž in font ec-lmr10!
Missing character: There is no š in font ec-lmr10!
Missing character: There is no ů in font ec-lmr10!
Missing character: There is no ů in font ec-lmr10!
Missing character: There is no ž in font ec-lmr10!
Missing character: There is no ě in font ec-lmr10!
Missing character: There is no ů in font ec-lmr10!
Missing character: There is no ž in font ec-lmr10!
Missing character: There is no ě in font ec-lmr10!
Missing character: There is no ž in font ec-lmr10!
Missing character: There is no ř in font ec-lmbx12!
Missing character: There is no ů in font ec-lmbx12!
)
[10]
Missing character: There is no ě in font ec-lmssbx10!
 (./main.bbl [11

] [12

]
bibitemlist
) [13] [14

]
Missing character: There is no ž in font ec-lmssbx10!
 [15] [16

]
Missing character: There is no ř in font ec-lmssbx10!
Missing character: There is no ž in font ec-lmssbx10!
LaTeX Font Info:    Trying to load font information for T1+lmtt on input line 1
36.
 (/usr/share/texmf-dist/tex/latex/lm/t1lmtt.fd
File: t1lmtt.fd 2009/10/30 v1.6 Font defs for Latin Modern
)
Missing character: There is no č in font ec-lmr10!
Missing character: There is no ř in font ec-lmr10!
 [17]
\tf@toc=\write5
\openout5 = `main.toc'.

\tf@lof=\write6
\openout6 = `main.lof'.

\tf@lot=\write7
\openout7 = `main.lot'.

Package atveryend Info: Empty hook `BeforeClearDocument' on input line 139.
Package atveryend Info: Empty hook `AfterLastShipout' on input line 139.

(./main.aux)
Package atveryend Info: Empty hook `AtVeryEndDocument' on input line 139.
Package atveryend Info: Executing hook `AtEndAfterFileList' on input line 139.
Package rerunfilecheck Info: File `main.out' has not changed.
(rerunfilecheck)             Checksum: C3FA1D1260F986029C3BAF4C254CFB45.


LaTeX Font Warning: Some font shapes were not available, defaults substituted.

Package atveryend Info: Empty hook `AtVeryVeryEnd' on input line 139.
 ) 
Here is how much of TeX's memory you used:
 13056 strings out of 492483
 181884 string characters out of 6134979
 332389 words of memory out of 5000000
 17390 multiletter control sequences out of 15000+600000
 65006 words of font info for 45 fonts, out of 8000000 for 9000
 1348 hyphenation exceptions out of 8191
 38i,11n,37p,1337b,525s stack positions out of 5000i,500n,10000p,200000b,80000s

Output written on main.pdf (33 pages).
