\BOOKMARK [0][-]{chapter*.5}{\376\377\000\332\000v\000o\000d}{}% 1
\BOOKMARK [0][-]{chapter.1}{\376\377\000C\000\355\000l\000\040\000p\000r\000\341\000c\000e}{}% 2
\BOOKMARK [1][-]{section.1.1}{\376\377\000K\000u\000b\000e\000r\000n\000e\000t\000e\000s}{chapter.1}% 3
\BOOKMARK [2][-]{subsection.1.1.1}{\376\377\000S\000t\000a\000v\000e\000b\000n\000\355\000\040\000k\000a\000m\000e\000n\000y\000\040\000K\000u\000b\000e\000r\000n\000e\000t\000e\000s}{section.1.1}% 4
\BOOKMARK [3][-]{subsubsection.1.1.1.1}{\376\377\000P\000o\000d}{subsection.1.1.1}% 5
\BOOKMARK [3][-]{subsubsection.1.1.1.2}{\376\377\000C\000o\000n\000t\000r\000o\000l\000\040\000P\000l\000a\000n\000e}{subsection.1.1.1}% 6
\BOOKMARK [2][-]{subsection.1.1.2}{\376\377\000K\000o\000m\000p\000o\000n\000e\000n\000t\000y\000\040\000n\000o\000d\000u}{section.1.1}% 7
\BOOKMARK [3][-]{subsubsection.1.1.2.1}{\376\377\000K\000u\000b\000e\000l\000e\000t}{subsection.1.1.2}% 8
\BOOKMARK [3][-]{subsubsection.1.1.2.2}{\376\377\000K\000u\000b\000e\000-\000P\000r\000o\000x\000y}{subsection.1.1.2}% 9
\BOOKMARK [1][-]{section.1.2}{\376\377\000A\000n\000s\000i\000b\000l\000e}{chapter.1}% 10
\BOOKMARK [2][-]{subsection.1.2.1}{\376\377\000K\000o\000m\000p\000o\000n\000e\000n\000t\000y}{section.1.2}% 11
\BOOKMARK [3][-]{subsubsection.1.2.1.1}{\376\377\000C\000o\000n\000t\000r\000o\000l\000\040\000n\000o\000d\000e}{subsection.1.2.1}% 12
\BOOKMARK [3][-]{subsubsection.1.2.1.2}{\376\377\000M\000a\000n\000a\000g\000e\000d\000\040\000n\000o\000d\000e}{subsection.1.2.1}% 13
\BOOKMARK [3][-]{subsubsection.1.2.1.3}{\376\377\000I\000v\000e\000n\000t\000o\000r\000y}{subsection.1.2.1}% 14
\BOOKMARK [3][-]{subsubsection.1.2.1.4}{\376\377\000M\000o\000d\000u\000l\000e\000s}{subsection.1.2.1}% 15
\BOOKMARK [3][-]{subsubsection.1.2.1.5}{\376\377\000T\000a\000s\000k\000s}{subsection.1.2.1}% 16
\BOOKMARK [3][-]{subsubsection.1.2.1.6}{\376\377\000P\000l\000a\000y\000b\000o\000o\000k\000s}{subsection.1.2.1}% 17
\BOOKMARK [1][-]{section.1.3}{\376\377\000D\000o\000c\000k\000e\000r}{chapter.1}% 18
\BOOKMARK [2][-]{subsection.1.3.1}{\376\377\000K\000o\000n\000t\000e\000r\000j\000n\000e\000r\000\040\000v\000s\000.\000\040\000v\000i\000r\000t\000u\000\341\000l\000n\000\355\000\040\000p\000o\001\015\000\355\000t\000a\001\015}{section.1.3}% 19
\BOOKMARK [2][-]{subsection.1.3.2}{\376\377\000S\000t\000a\000v\000e\000b\000n\000\355\000\040\000k\000a\000m\000e\000n\000y\000\040\000D\000o\000c\000k\000e\000r\000u}{section.1.3}% 20
\BOOKMARK [3][-]{subsubsection.1.3.2.1}{\376\377\000J\000m\000e\000n\000n\000\351\000\040\000p\000r\000o\000s\000t\000o\000r\000y}{subsection.1.3.2}% 21
\BOOKMARK [3][-]{subsubsection.1.3.2.2}{\376\377\000K\000o\000n\000t\000r\000o\000l\000n\000\355\000\040\000s\000k\000u\000p\000i\000n\000a}{subsection.1.3.2}% 22
\BOOKMARK [3][-]{subsubsection.1.3.2.3}{\376\377\000D\000o\000c\000k\000e\000r\000\040\000d\000a\000e\000m\000o\000n}{subsection.1.3.2}% 23
\BOOKMARK [3][-]{subsubsection.1.3.2.4}{\376\377\000D\000o\000c\000k\000e\000r\000\040\000k\000l\000i\000e\000n\000t}{subsection.1.3.2}% 24
\BOOKMARK [3][-]{subsubsection.1.3.2.5}{\376\377\000D\000o\000c\000k\000e\000r\000\040\000r\000e\000g\000i\000s\000t\000r}{subsection.1.3.2}% 25
\BOOKMARK [3][-]{subsubsection.1.3.2.6}{\376\377\000O\000b\000r\000a\000z\000y}{subsection.1.3.2}% 26
\BOOKMARK [2][-]{subsection.1.3.3}{\376\377\000S\000y\000s\000t\000\351\000m\000o\000v\000\341\000\040\000k\000o\000n\000t\000e\000j\000n\000e\000r\000y}{section.1.3}% 27
\BOOKMARK [0][-]{chapter.2}{\376\377\000H\000e\000s\000l\000a}{}% 28
\BOOKMARK [1][-]{section.2.1}{\376\377\000W\000i\000n\000d\000o\000w\000s}{chapter.2}% 29
\BOOKMARK [2][-]{subsection.2.1.1}{\376\377\000P\000o\000p\000i\000s\000\040\000p\000r\000o\000t\000o\000k\000o\000l\000u}{section.2.1}% 30
\BOOKMARK [1][-]{section.2.2}{\376\377\000L\000i\000n\000u\000x}{chapter.2}% 31
\BOOKMARK [1][-]{section.2.3}{\376\377\000H\000e\001\141\000o\000v\000a\000c\000\355\000\040\000f\000u\000n\000k\000c\000e}{chapter.2}% 32
\BOOKMARK [2][-]{subsubsection.2.3.0.1}{\376\377\000M\000D\0005}{section.2.3}% 33
\BOOKMARK [3][-]{subsubsection.2.3.0.2}{\376\377\000S\000H\000A\000-\0001}{subsubsection.2.3.0.1}% 34
\BOOKMARK [1][-]{section.2.4}{\376\377\000\332\000t\000o\000k\000y\000\040\000n\000a\000\040\000h\000e\000s\000l\000a}{chapter.2}% 35
\BOOKMARK [1][-]{section.2.5}{\376\377\000E\000n\000t\000r\000o\000p\000i\000e\000\040\000h\000e\000s\000l\000a}{chapter.2}% 36
\BOOKMARK [0][-]{chapter.3}{\376\377\000Z\000\341\000v\001\033\000r}{}% 37
\BOOKMARK [0][-]{chapter*.6}{\376\377\000L\000i\000t\000e\000r\000a\000t\000u\000r\000a}{}% 38
\BOOKMARK [0][-]{appendix.A}{\376\377\000S\000e\000z\000n\000a\000m\000\040\000p\000o\000u\001\176\000i\000t\000\375\000c\000h\000\040\000z\000k\000r\000a\000t\000e\000k}{}% 39
\BOOKMARK [0][-]{appendix.B}{\376\377\000O\000b\000s\000a\000h\000\040\000p\001\131\000i\000l\000o\001\176\000e\000n\000\351\000h\000o\000\040\000C\000D}{}% 40
