\BOOKMARK [0][-]{chapter*.5}{\376\377\000\332\000v\000o\000d}{}% 1
\BOOKMARK [0][-]{chapter.1}{\376\377\000C\000\355\000l\000\040\000p\000r\000\341\000c\000e}{}% 2
\BOOKMARK [0][-]{chapter.2}{\376\377\000P\000o\000p\000i\000s\000\040\000p\000o\000u\001\176\000i\000t\000\375\000c\000h\000\040\000t\000e\000c\000h\000n\000o\000l\000o\000g\000i\000\355}{}% 3
\BOOKMARK [1][-]{section.2.1}{\376\377\000K\000u\000b\000e\000r\000n\000e\000t\000e\000s}{chapter.2}% 4
\BOOKMARK [2][-]{subsection.2.1.1}{\376\377\000P\000o\000u\001\176\000i\000t\000\355\000\040\000v\000\040\000p\000r\000a\000x\000i}{section.2.1}% 5
\BOOKMARK [2][-]{subsection.2.1.2}{\376\377\001\140\000k\000\341\000l\000o\000v\000a\000t\000e\000l\000n\000o\000s\000t\000\040\000a\000\040\000m\000a\000n\000a\000g\000e\000m\000e\000n\000t\000\040\000k\000l\000a\000s\000t\000r\000u}{section.2.1}% 6
\BOOKMARK [1][-]{section.2.2}{\376\377\000A\000n\000s\000i\000b\000l\000e}{chapter.2}% 7
\BOOKMARK [2][-]{subsection.2.2.1}{\376\377\000P\001\131\000\355\000p\000r\000a\000v\000a\000\040\000n\000a\000s\000a\000z\000e\000n\000\355}{section.2.2}% 8
\BOOKMARK [1][-]{section.2.3}{\376\377\000D\000o\000c\000k\000e\000r}{chapter.2}% 9
\BOOKMARK [2][-]{subsection.2.3.1}{\376\377\000C\000o\000\040\000j\000e\000\040\000k\000o\000n\000t\000e\000j\000n\000e\000r\000?}{section.2.3}% 10
\BOOKMARK [2][-]{subsection.2.3.2}{\376\377\000M\001\157\000j\000\040\000D\000o\000c\000k\000e\000r\000\040\000i\000m\000a\000g\000e}{section.2.3}% 11
\BOOKMARK [1][-]{section.2.4}{\376\377\000H\000a\000s\000h\000c\000a\000t}{chapter.2}% 12
\BOOKMARK [2][-]{subsection.2.4.1}{\376\377\000P\000r\000o\001\015\000\040\000p\000o\000u\001\176\000\355\000t\000\040\000H\000a\000s\000h\000c\000a\000t\000?}{section.2.4}% 13
\BOOKMARK [0][-]{chapter.3}{\376\377\000H\000e\000s\000l\000a}{}% 14
\BOOKMARK [1][-]{section.3.1}{\376\377\000H\000a\001\141\000o\000v\000a\000c\000\355\000\040\000f\000u\000n\000k\000c\000e}{chapter.3}% 15
\BOOKMARK [2][-]{subsection.3.1.1}{\376\377\000N\000a\000r\000o\000z\000e\000n\000i\000n\000o\000v\000\375\000\040\000p\000a\000r\000a\000d\000o\000x}{section.3.1}% 16
\BOOKMARK [2][-]{subsection.3.1.2}{\376\377\000Z\000n\000\341\000m\000\351\000\040\000h\000a\001\141\000o\000v\000a\000c\000\355\000\040\000f\000u\000n\000k\000c\000e}{section.3.1}% 17
\BOOKMARK [1][-]{section.3.2}{\376\377\000F\000o\000r\000m\000\341\000t\000y\000\040\000u\000k\000l\000\341\000d\000\341\000n\000\355\000\040\000v\000\040\000o\000p\000e\000r\000a\001\015\000n\000\355\000c\000h\000\040\000s\000y\000s\000t\000\351\000m\000e\000c\000h}{chapter.3}% 18
\BOOKMARK [2][-]{subsection.3.2.1}{\376\377\000W\000i\000n\000d\000o\000w\000s}{section.3.2}% 19
\BOOKMARK [2][-]{subsection.3.2.2}{\376\377\000L\000i\000n\000u\000x}{section.3.2}% 20
\BOOKMARK [1][-]{section.3.3}{\376\377\000\332\000t\000o\000k\000y\000\040\000n\000a\000\040\000h\000e\000s\000l\000a}{chapter.3}% 21
\BOOKMARK [1][-]{section.3.4}{\376\377\000O\000c\000h\000r\000a\000n\000a\000\040\000p\001\131\000e\000d\000\040\000r\001\157\000z\000n\000\375\000m\000i\000\040\000\372\000t\000o\000k\000y}{chapter.3}% 22
\BOOKMARK [0][-]{chapter.4}{\376\377\000R\000e\000a\000l\000i\000z\000a\000c\000e}{}% 23
\BOOKMARK [1][-]{section.4.1}{\376\377\000N\000a\000s\000a\000z\000e\000n\000\355}{chapter.4}% 24
\BOOKMARK [1][-]{section.4.2}{\376\377\000S\000p\000u\001\141\000t\001\033\000n\000\355\000\040\000s\000\040\000r\001\157\000z\000n\000\375\000m\000i\000\040\000m\000e\000t\000o\000d\000a\000m\000i\000\040\000\372\000t\000o\000k\000u}{chapter.4}% 25
\BOOKMARK [1][-]{section.4.3}{\376\377\000A\000n\000a\000l\000\375\000z\000a\000\040\000r\000y\000c\000h\000l\000o\000s\000t\000i}{chapter.4}% 26
\BOOKMARK [0][-]{appendix.A}{\376\377\000S\000e\000z\000n\000a\000m\000\040\000p\000o\000u\001\176\000i\000t\000\375\000c\000h\000\040\000z\000k\000r\000a\000t\000e\000k}{}% 27
\BOOKMARK [0][-]{appendix.B}{\376\377\000O\000b\000s\000a\000h\000\040\000p\001\131\000i\000l\000o\001\176\000e\000n\000\351\000h\000o\000\040\000C\000D}{}% 28
